<?xml version="1.0" encoding="UTF-8"?>
<!-- Generated by org.testng.reporters.JUnitXMLReporter -->
<testsuite hostname="MAVBCP27" ignored="0" name="Test" tests="4" failures="1" timestamp="09 Jun 2020 11:10:47 GMT" time="54.551" errors="0">
  <testcase name="homePage" time="14.791" classname="com.ether.testcases.GeneralStoreTest"/>
  <testcase name="productPriceTest" time="14.016" classname="com.ether.testcases.GeneralStoreTest"/>
  <testcase name="productPriceTest" time="13.303" classname="com.ether.testcases.GeneralStoreTest"/>
  <testcase name="addProductToCartTest" time="12.338" classname="com.ether.testcases.GeneralStoreTest">
    <failure type="org.openqa.selenium.WebDriverException" message="unknown error (An unknown server-side error occurred. status=&amp;apos;false&amp;apos;. Failed to complete internal method: &amp;apos;click args: [NATIVE, xpath=(//*[@resource-id=&amp;apos;productAddCart&amp;apos; or @id=&amp;apos;productAddCart&amp;apos;])[3], 0, 1]&amp;apos;, details: Failed to click &amp;apos;xpath=(//*[@resource-id=&amp;apos;productAddCart&amp;apos; or @id=&amp;apos;productAddCart&amp;apos;])[3]&amp;apos;. Cannot click. The element is found but not visible on Screen)  (WARNING: The server did not provide any stacktrace information)
Command duration or timeout: 0 milliseconds
Build info: version: &amp;apos;3.141.59&amp;apos;, revision: &amp;apos;e82be7d358&amp;apos;, time: &amp;apos;2018-11-14T08:17:03&amp;apos;
System info: host: &amp;apos;MAVBCP27&amp;apos;, ip: &amp;apos;192.168.0.8&amp;apos;, os.name: &amp;apos;Windows 10&amp;apos;, os.arch: &amp;apos;amd64&amp;apos;, os.version: &amp;apos;10.0&amp;apos;, java.version: &amp;apos;1.8.0_231&amp;apos;
Driver info: io.appium.java_client.android.AndroidDriver
Capabilities {app: cloud:com.androidsample.gen..., appActivity: .SplashActivity, appBuildVersion: 1, appPackage: com.androidsample.generalst..., appReleaseVersion: 1.0, appiumVersion: 1.8.0, autoAcceptAlerts: false, autoDismissAlerts: false, autoGrantPermissions: false, autoWebview: false, commandTimeouts: 120000, desired: {app: cloud:com.androidsample.gen..., appBuildVersion: 1, appReleaseVersion: 1.0, deviceQuery: @os=&amp;apos;android&amp;apos; and @category..., dontGoHomeOnQuit: true, fullReset: true, instrumentApp: true, platformName: Android, udid: 4b52573533563398}, device.category: PHONE, device.majorVersion: 9, device.manufacture: OnePlus, device.model: ONEPLUS A6003, device.name: OnePlus IO-US 084, device.os: Android, device.screenSize: 1080x2280, device.serialNumber: c8fc88d6, device.version: 9, deviceQuery: @os=&amp;apos;android&amp;apos; and @category..., deviceUDID: c8fc88d6, dontGoHomeOnQuit: true, dontStopAppOnReset: false, ehmPrefixUrl: /agent-8220267, ehmUrl: https://us-1.seetest.io:443..., fullReset: true, gridNodePort: 7819, install.only.for.update: false, instrumentApp: true, javascriptEnabled: true, keystorePath: ~/.android/debug.keystore, locationServicesAuthorized: false, newSessionWaitTimeout: 600, noReset: false, platform: ANDROID, platformName: Android, projectName: , reportDirectory: reports, reportFormat: xml, reportUrl: https://cloud.seetest.io/re..., reservationDuration: 240, takeScreenshots: true, test.type: Mobile, testName: mobile test 06/09/20 04:09 AM, udid: c8fc88d6, useKeystore: false, waitForDeviceTimeout: 120000}
Session ID: CLOUD-SID:2020-06-09_10-43-14-6554acbc-9fdd-4074-9879-083080069150">
      <![CDATA[org.openqa.selenium.WebDriverException: unknown error (An unknown server-side error occurred. status='false'. Failed to complete internal method: 'click args: [NATIVE, xpath=(//*[@resource-id='productAddCart' or @id='productAddCart'])[3], 0, 1]', details: Failed to click 'xpath=(//*[@resource-id='productAddCart' or @id='productAddCart'])[3]'. Cannot click. The element is found but not visible on Screen)  (WARNING: The server did not provide any stacktrace information)
Command duration or timeout: 0 milliseconds
Build info: version: '3.141.59', revision: 'e82be7d358', time: '2018-11-14T08:17:03'
System info: host: 'MAVBCP27', ip: '192.168.0.8', os.name: 'Windows 10', os.arch: 'amd64', os.version: '10.0', java.version: '1.8.0_231'
Driver info: io.appium.java_client.android.AndroidDriver
Capabilities {app: cloud:com.androidsample.gen..., appActivity: .SplashActivity, appBuildVersion: 1, appPackage: com.androidsample.generalst..., appReleaseVersion: 1.0, appiumVersion: 1.8.0, autoAcceptAlerts: false, autoDismissAlerts: false, autoGrantPermissions: false, autoWebview: false, commandTimeouts: 120000, desired: {app: cloud:com.androidsample.gen..., appBuildVersion: 1, appReleaseVersion: 1.0, deviceQuery: @os='android' and @category..., dontGoHomeOnQuit: true, fullReset: true, instrumentApp: true, platformName: Android, udid: 4b52573533563398}, device.category: PHONE, device.majorVersion: 9, device.manufacture: OnePlus, device.model: ONEPLUS A6003, device.name: OnePlus IO-US 084, device.os: Android, device.screenSize: 1080x2280, device.serialNumber: c8fc88d6, device.version: 9, deviceQuery: @os='android' and @category..., deviceUDID: c8fc88d6, dontGoHomeOnQuit: true, dontStopAppOnReset: false, ehmPrefixUrl: /agent-8220267, ehmUrl: https://us-1.seetest.io:443..., fullReset: true, gridNodePort: 7819, install.only.for.update: false, instrumentApp: true, javascriptEnabled: true, keystorePath: ~/.android/debug.keystore, locationServicesAuthorized: false, newSessionWaitTimeout: 600, noReset: false, platform: ANDROID, platformName: Android, projectName: , reportDirectory: reports, reportFormat: xml, reportUrl: https://cloud.seetest.io/re..., reservationDuration: 240, takeScreenshots: true, test.type: Mobile, testName: mobile test 06/09/20 04:09 AM, udid: c8fc88d6, useKeystore: false, waitForDeviceTimeout: 120000}
Session ID: CLOUD-SID:2020-06-09_10-43-14-6554acbc-9fdd-4074-9879-083080069150
	at org.openqa.selenium.remote.ErrorHandler.createThrowable(ErrorHandler.java:214)
	at org.openqa.selenium.remote.ErrorHandler.throwIfResponseFailed(ErrorHandler.java:166)
	at org.openqa.selenium.remote.http.JsonHttpResponseCodec.reconstructValue(JsonHttpResponseCodec.java:40)
	at org.openqa.selenium.remote.http.AbstractHttpResponseCodec.decode(AbstractHttpResponseCodec.java:80)
	at org.openqa.selenium.remote.http.AbstractHttpResponseCodec.decode(AbstractHttpResponseCodec.java:44)
	at org.openqa.selenium.remote.HttpCommandExecutor.execute(HttpCommandExecutor.java:158)
	at io.appium.java_client.remote.AppiumCommandExecutor.execute(AppiumCommandExecutor.java:239)
	at org.openqa.selenium.remote.RemoteWebDriver.execute(RemoteWebDriver.java:552)
	at io.appium.java_client.DefaultGenericMobileDriver.execute(DefaultGenericMobileDriver.java:41)
	at io.appium.java_client.AppiumDriver.execute(AppiumDriver.java:1)
	at io.appium.java_client.android.AndroidDriver.execute(AndroidDriver.java:1)
	at org.openqa.selenium.remote.RemoteWebElement.execute(RemoteWebElement.java:285)
	at io.appium.java_client.DefaultGenericMobileElement.execute(DefaultGenericMobileElement.java:45)
	at io.appium.java_client.MobileElement.execute(MobileElement.java:1)
	at io.appium.java_client.android.AndroidElement.execute(AndroidElement.java:1)
	at org.openqa.selenium.remote.RemoteWebElement.click(RemoteWebElement.java:84)
	at com.ether.testcases.GeneralStoreTest.addProductToCartTest(GeneralStoreTest.java:80)
... Removed 30 stack frames]]>
    </failure>
  </testcase> <!-- addProductToCartTest -->
</testsuite> <!-- Test -->
