<?xml version="1.0" encoding="UTF-8"?>
<!-- Generated by org.testng.reporters.JUnitReportReporter -->
<testsuite skipped="0" hostname="MAVBCP27" name="com.ether.testcases.GeneralStoreTest" tests="4" failures="0" timestamp="09 Jun 2020 11:11:04 GMT" time="54.448" errors="1">
  <testcase name="productPriceTest" time="13.303" classname="com.ether.testcases.GeneralStoreTest"/>
  <testcase name="addProductToCartTest" time="12.338" classname="com.ether.testcases.GeneralStoreTest">
    <error type="org.openqa.selenium.WebDriverException" message="unknown error (An unknown server-side error occurred. status=&#039;false&#039;. Failed to complete internal method: &#039;click args: [NATIVE, xpath=(//*[@resource-id=&#039;productAddCart&#039; or @id=&#039;productAddCart&#039;])[3], 0, 1]&#039;, details: Failed to click &#039;xpath=(//*[@resource-id=&#039;productAddCart&#039; or @id=&#039;productAddCart&#039;])[3]&#039;. Cannot click. The element is found but not visible on Screen)  (WARNING: The server did not provide any stacktrace information)
Command duration or timeout: 0 milliseconds
Build info: version: &#039;3.141.59&#039;, revision: &#039;e82be7d358&#039;, time: &#039;2018-11-14T08:17:03&#039;
System info: host: &#039;MAVBCP27&#039;, ip: &#039;192.168.0.8&#039;, os.name: &#039;Windows 10&#039;, os.arch: &#039;amd64&#039;, os.version: &#039;10.0&#039;, java.version: &#039;1.8.0_231&#039;
Driver info: io.appium.java_client.android.AndroidDriver
Capabilities {app: cloud:com.androidsample.gen..., appActivity: .SplashActivity, appBuildVersion: 1, appPackage: com.androidsample.generalst..., appReleaseVersion: 1.0, appiumVersion: 1.8.0, autoAcceptAlerts: false, autoDismissAlerts: false, autoGrantPermissions: false, autoWebview: false, commandTimeouts: 120000, desired: {app: cloud:com.androidsample.gen..., appBuildVersion: 1, appReleaseVersion: 1.0, deviceQuery: @os=&#039;android&#039; and @category..., dontGoHomeOnQuit: true, fullReset: true, instrumentApp: true, platformName: Android, udid: 4b52573533563398}, device.category: PHONE, device.majorVersion: 9, device.manufacture: OnePlus, device.model: ONEPLUS A6003, device.name: OnePlus IO-US 084, device.os: Android, device.screenSize: 1080x2280, device.serialNumber: c8fc88d6, device.version: 9, deviceQuery: @os=&#039;android&#039; and @category..., deviceUDID: c8fc88d6, dontGoHomeOnQuit: true, dontStopAppOnReset: false, ehmPrefixUrl: /agent-8220267, ehmUrl: https://us-1.seetest.io:443..., fullReset: true, gridNodePort: 7819, install.only.for.update: false, instrumentApp: true, javascriptEnabled: true, keystorePath: ~/.android/debug.keystore, locationServicesAuthorized: false, newSessionWaitTimeout: 600, noReset: false, platform: ANDROID, platformName: Android, projectName: , reportDirectory: reports, reportFormat: xml, reportUrl: https://cloud.seetest.io/re..., reservationDuration: 240, takeScreenshots: true, test.type: Mobile, testName: mobile test 06/09/20 04:09 AM, udid: c8fc88d6, useKeystore: false, waitForDeviceTimeout: 120000}
Session ID: CLOUD-SID:2020-06-09_10-43-14-6554acbc-9fdd-4074-9879-083080069150">
      <![CDATA[org.openqa.selenium.WebDriverException: unknown error (An unknown server-side error occurred. status='false'. Failed to complete internal method: 'click args: [NATIVE, xpath=(//*[@resource-id='productAddCart' or @id='productAddCart'])[3], 0, 1]', details: Failed to click 'xpath=(//*[@resource-id='productAddCart' or @id='productAddCart'])[3]'. Cannot click. The element is found but not visible on Screen)  (WARNING: The server did not provide any stacktrace information)
Command duration or timeout: 0 milliseconds
Build info: version: '3.141.59', revision: 'e82be7d358', time: '2018-11-14T08:17:03'
System info: host: 'MAVBCP27', ip: '192.168.0.8', os.name: 'Windows 10', os.arch: 'amd64', os.version: '10.0', java.version: '1.8.0_231'
Driver info: io.appium.java_client.android.AndroidDriver
Capabilities {app: cloud:com.androidsample.gen..., appActivity: .SplashActivity, appBuildVersion: 1, appPackage: com.androidsample.generalst..., appReleaseVersion: 1.0, appiumVersion: 1.8.0, autoAcceptAlerts: false, autoDismissAlerts: false, autoGrantPermissions: false, autoWebview: false, commandTimeouts: 120000, desired: {app: cloud:com.androidsample.gen..., appBuildVersion: 1, appReleaseVersion: 1.0, deviceQuery: @os='android' and @category..., dontGoHomeOnQuit: true, fullReset: true, instrumentApp: true, platformName: Android, udid: 4b52573533563398}, device.category: PHONE, device.majorVersion: 9, device.manufacture: OnePlus, device.model: ONEPLUS A6003, device.name: OnePlus IO-US 084, device.os: Android, device.screenSize: 1080x2280, device.serialNumber: c8fc88d6, device.version: 9, deviceQuery: @os='android' and @category..., deviceUDID: c8fc88d6, dontGoHomeOnQuit: true, dontStopAppOnReset: false, ehmPrefixUrl: /agent-8220267, ehmUrl: https://us-1.seetest.io:443..., fullReset: true, gridNodePort: 7819, install.only.for.update: false, instrumentApp: true, javascriptEnabled: true, keystorePath: ~/.android/debug.keystore, locationServicesAuthorized: false, newSessionWaitTimeout: 600, noReset: false, platform: ANDROID, platformName: Android, projectName: , reportDirectory: reports, reportFormat: xml, reportUrl: https://cloud.seetest.io/re..., reservationDuration: 240, takeScreenshots: true, test.type: Mobile, testName: mobile test 06/09/20 04:09 AM, udid: c8fc88d6, useKeystore: false, waitForDeviceTimeout: 120000}
Session ID: CLOUD-SID:2020-06-09_10-43-14-6554acbc-9fdd-4074-9879-083080069150
	at sun.reflect.NativeConstructorAccessorImpl.newInstance0(Native Method)
	at sun.reflect.NativeConstructorAccessorImpl.newInstance(NativeConstructorAccessorImpl.java:62)
	at sun.reflect.DelegatingConstructorAccessorImpl.newInstance(DelegatingConstructorAccessorImpl.java:45)
	at java.lang.reflect.Constructor.newInstance(Constructor.java:423)
	at org.openqa.selenium.remote.ErrorHandler.createThrowable(ErrorHandler.java:214)
	at org.openqa.selenium.remote.ErrorHandler.throwIfResponseFailed(ErrorHandler.java:166)
	at org.openqa.selenium.remote.http.JsonHttpResponseCodec.reconstructValue(JsonHttpResponseCodec.java:40)
	at org.openqa.selenium.remote.http.AbstractHttpResponseCodec.decode(AbstractHttpResponseCodec.java:80)
	at org.openqa.selenium.remote.http.AbstractHttpResponseCodec.decode(AbstractHttpResponseCodec.java:44)
	at org.openqa.selenium.remote.HttpCommandExecutor.execute(HttpCommandExecutor.java:158)
	at io.appium.java_client.remote.AppiumCommandExecutor.execute(AppiumCommandExecutor.java:239)
	at org.openqa.selenium.remote.RemoteWebDriver.execute(RemoteWebDriver.java:552)
	at io.appium.java_client.DefaultGenericMobileDriver.execute(DefaultGenericMobileDriver.java:41)
	at io.appium.java_client.AppiumDriver.execute(AppiumDriver.java:1)
	at io.appium.java_client.android.AndroidDriver.execute(AndroidDriver.java:1)
	at org.openqa.selenium.remote.RemoteWebElement.execute(RemoteWebElement.java:285)
	at io.appium.java_client.DefaultGenericMobileElement.execute(DefaultGenericMobileElement.java:45)
	at io.appium.java_client.MobileElement.execute(MobileElement.java:1)
	at io.appium.java_client.android.AndroidElement.execute(AndroidElement.java:1)
	at org.openqa.selenium.remote.RemoteWebElement.click(RemoteWebElement.java:84)
	at com.ether.testcases.GeneralStoreTest.addProductToCartTest(GeneralStoreTest.java:80)
	at sun.reflect.NativeMethodAccessorImpl.invoke0(Native Method)
	at sun.reflect.NativeMethodAccessorImpl.invoke(NativeMethodAccessorImpl.java:62)
	at sun.reflect.DelegatingMethodAccessorImpl.invoke(DelegatingMethodAccessorImpl.java:43)
	at java.lang.reflect.Method.invoke(Method.java:498)
	at org.testng.internal.MethodInvocationHelper.invokeMethod(MethodInvocationHelper.java:108)
	at org.testng.internal.Invoker.invokeMethod(Invoker.java:661)
	at org.testng.internal.Invoker.invokeTestMethod(Invoker.java:869)
	at org.testng.internal.Invoker.invokeTestMethods(Invoker.java:1193)
	at org.testng.internal.TestMethodWorker.invokeTestMethods(TestMethodWorker.java:126)
	at org.testng.internal.TestMethodWorker.run(TestMethodWorker.java:109)
	at org.testng.TestRunner.privateRun(TestRunner.java:744)
	at org.testng.TestRunner.run(TestRunner.java:602)
	at org.testng.SuiteRunner.runTest(SuiteRunner.java:380)
	at org.testng.SuiteRunner.runSequentially(SuiteRunner.java:375)
	at org.testng.SuiteRunner.privateRun(SuiteRunner.java:340)
	at org.testng.SuiteRunner.run(SuiteRunner.java:289)
	at org.testng.SuiteRunnerWorker.runSuite(SuiteRunnerWorker.java:52)
	at org.testng.SuiteRunnerWorker.run(SuiteRunnerWorker.java:86)
	at org.testng.TestNG.runSuitesSequentially(TestNG.java:1301)
	at org.testng.TestNG.runSuitesSequentially(TestNG.java:1297)
	at org.testng.TestNG.runSuitesLocally(TestNG.java:1226)
	at org.testng.TestNG.runSuites(TestNG.java:1144)
	at org.testng.TestNG.run(TestNG.java:1115)
	at org.testng.remote.AbstractRemoteTestNG.run(AbstractRemoteTestNG.java:115)
	at org.testng.remote.RemoteTestNG.initAndRun(RemoteTestNG.java:251)
	at org.testng.remote.RemoteTestNG.main(RemoteTestNG.java:77)
]]>
    </error>
  </testcase> <!-- addProductToCartTest -->
  <testcase name="productPriceTest" time="14.016" classname="com.ether.testcases.GeneralStoreTest"/>
  <testcase name="homePage" time="14.791" classname="com.ether.testcases.GeneralStoreTest"/>
</testsuite> <!-- com.ether.testcases.GeneralStoreTest -->
